This is pdfTeX, Version 3.141592653-2.6-1.40.26 (TeX Live 2024/Arch Linux) (preloaded format=pdflatex 2024.11.6)  6 NOV 2024 21:33
entering extended mode
 restricted \write18 enabled.
 file:line:error style messages enabled.
 %&-line parsing enabled.
**Cluster.tex
(./Cluster.tex
LaTeX2e <2023-11-01> patch level 1
L3 programming layer <2024-02-20>
(/usr/share/texmf-dist/tex/latex/base/article.cls
Document Class: article 2023/05/17 v1.4n Standard LaTeX document class
(/usr/share/texmf-dist/tex/latex/base/size12.clo
File: size12.clo 2023/05/17 v1.4n Standard LaTeX file (size option)
)
\c@part=\count188
\c@section=\count189
\c@subsection=\count190
\c@subsubsection=\count191
\c@paragraph=\count192
\c@subparagraph=\count193
\c@figure=\count194
\c@table=\count195
\abovecaptionskip=\skip48
\belowcaptionskip=\skip49
\bibindent=\dimen140
) (/usr/share/texmf-dist/tex/latex/geometry/geometry.sty
Package: geometry 2020/01/02 v5.9 Page Geometry
 (/usr/share/texmf-dist/tex/latex/graphics/keyval.sty
Package: keyval 2022/05/29 v1.15 key=value parser (DPC)
\KV@toks@=\toks17
) (/usr/share/texmf-dist/tex/generic/iftex/ifvtex.sty
Package: ifvtex 2019/10/25 v1.7 ifvtex legacy package. Use iftex instead.
 (/usr/share/texmf-dist/tex/generic/iftex/iftex.sty
Package: iftex 2022/02/03 v1.0f TeX engine tests
))
\Gm@cnth=\count196
\Gm@cntv=\count197
\c@Gm@tempcnt=\count198
\Gm@bindingoffset=\dimen141
\Gm@wd@mp=\dimen142
\Gm@odd@mp=\dimen143
\Gm@even@mp=\dimen144
\Gm@layoutwidth=\dimen145
\Gm@layoutheight=\dimen146
\Gm@layouthoffset=\dimen147
\Gm@layoutvoffset=\dimen148
\Gm@dimlist=\toks18
) (/usr/share/texmf-dist/tex/latex/base/inputenc.sty
Package: inputenc 2021/02/14 v1.3d Input encoding file
\inpenc@prehook=\toks19
\inpenc@posthook=\toks20
) (/usr/share/texmf-dist/tex/latex/graphics/graphicx.sty
Package: graphicx 2021/09/16 v1.2d Enhanced LaTeX Graphics (DPC,SPQR)
 (/usr/share/texmf-dist/tex/latex/graphics/graphics.sty
Package: graphics 2022/03/10 v1.4e Standard LaTeX Graphics (DPC,SPQR)
 (/usr/share/texmf-dist/tex/latex/graphics/trig.sty
Package: trig 2021/08/11 v1.11 sin cos tan (DPC)
) (/usr/share/texmf-dist/tex/latex/graphics-cfg/graphics.cfg
File: graphics.cfg 2016/06/04 v1.11 sample graphics configuration
)
Package graphics Info: Driver file: pdftex.def on input line 107.
 (/usr/share/texmf-dist/tex/latex/graphics-def/pdftex.def
File: pdftex.def 2022/09/22 v1.2b Graphics/color driver for pdftex
))
\Gin@req@height=\dimen149
\Gin@req@width=\dimen150
) (/usr/share/texmf-dist/tex/latex/amsmath/amsmath.sty
Package: amsmath 2023/05/13 v2.17o AMS math features
\@mathmargin=\skip50

For additional information on amsmath, use the `?' option.
(/usr/share/texmf-dist/tex/latex/amsmath/amstext.sty
Package: amstext 2021/08/26 v2.01 AMS text
 (/usr/share/texmf-dist/tex/latex/amsmath/amsgen.sty
File: amsgen.sty 1999/11/30 v2.0 generic functions
\@emptytoks=\toks21
\ex@=\dimen151
)) (/usr/share/texmf-dist/tex/latex/amsmath/amsbsy.sty
Package: amsbsy 1999/11/29 v1.2d Bold Symbols
\pmbraise@=\dimen152
) (/usr/share/texmf-dist/tex/latex/amsmath/amsopn.sty
Package: amsopn 2022/04/08 v2.04 operator names
)
\inf@bad=\count199
LaTeX Info: Redefining \frac on input line 234.
\uproot@=\count266
\leftroot@=\count267
LaTeX Info: Redefining \overline on input line 399.
LaTeX Info: Redefining \colon on input line 410.
\classnum@=\count268
\DOTSCASE@=\count269
LaTeX Info: Redefining \ldots on input line 496.
LaTeX Info: Redefining \dots on input line 499.
LaTeX Info: Redefining \cdots on input line 620.
\Mathstrutbox@=\box51
\strutbox@=\box52
LaTeX Info: Redefining \big on input line 722.
LaTeX Info: Redefining \Big on input line 723.
LaTeX Info: Redefining \bigg on input line 724.
LaTeX Info: Redefining \Bigg on input line 725.
\big@size=\dimen153
LaTeX Font Info:    Redeclaring font encoding OML on input line 743.
LaTeX Font Info:    Redeclaring font encoding OMS on input line 744.
\macc@depth=\count270
LaTeX Info: Redefining \bmod on input line 905.
LaTeX Info: Redefining \pmod on input line 910.
LaTeX Info: Redefining \smash on input line 940.
LaTeX Info: Redefining \relbar on input line 970.
LaTeX Info: Redefining \Relbar on input line 971.
\c@MaxMatrixCols=\count271
\dotsspace@=\muskip16
\c@parentequation=\count272
\dspbrk@lvl=\count273
\tag@help=\toks22
\row@=\count274
\column@=\count275
\maxfields@=\count276
\andhelp@=\toks23
\eqnshift@=\dimen154
\alignsep@=\dimen155
\tagshift@=\dimen156
\tagwidth@=\dimen157
\totwidth@=\dimen158
\lineht@=\dimen159
\@envbody=\toks24
\multlinegap=\skip51
\multlinetaggap=\skip52
\mathdisplay@stack=\toks25
LaTeX Info: Redefining \[ on input line 2953.
LaTeX Info: Redefining \] on input line 2954.
) (/usr/share/texmf-dist/tex/latex/amsfonts/amsfonts.sty
Package: amsfonts 2013/01/14 v3.01 Basic AMSFonts support
\symAMSa=\mathgroup4
\symAMSb=\mathgroup5
LaTeX Font Info:    Redeclaring math symbol \hbar on input line 98.
LaTeX Font Info:    Overwriting math alphabet `\mathfrak' in version `bold'
(Font)                  U/euf/m/n --> U/euf/b/n on input line 106.
) (/usr/share/texmf-dist/tex/latex/amsfonts/amssymb.sty
Package: amssymb 2013/01/14 v3.01 AMS font symbols
) (/usr/share/texmf-dist/tex/latex/hyperref/hyperref.sty
Package: hyperref 2024-01-20 v7.01h Hypertext links for LaTeX
 (/usr/share/texmf-dist/tex/latex/kvsetkeys/kvsetkeys.sty
Package: kvsetkeys 2022-10-05 v1.19 Key value parser (HO)
) (/usr/share/texmf-dist/tex/generic/kvdefinekeys/kvdefinekeys.sty
Package: kvdefinekeys 2019-12-19 v1.6 Define keys (HO)
) (/usr/share/texmf-dist/tex/generic/pdfescape/pdfescape.sty
Package: pdfescape 2019/12/09 v1.15 Implements pdfTeX's escape features (HO)
 (/usr/share/texmf-dist/tex/generic/ltxcmds/ltxcmds.sty
Package: ltxcmds 2023-12-04 v1.26 LaTeX kernel commands for general use (HO)
) (/usr/share/texmf-dist/tex/generic/pdftexcmds/pdftexcmds.sty
Package: pdftexcmds 2020-06-27 v0.33 Utility functions of pdfTeX for LuaTeX (HO)
 (/usr/share/texmf-dist/tex/generic/infwarerr/infwarerr.sty
Package: infwarerr 2019/12/03 v1.5 Providing info/warning/error messages (HO)
)
Package pdftexcmds Info: \pdf@primitive is available.
Package pdftexcmds Info: \pdf@ifprimitive is available.
Package pdftexcmds Info: \pdfdraftmode found.
)) (/usr/share/texmf-dist/tex/latex/hycolor/hycolor.sty
Package: hycolor 2020-01-27 v1.10 Color options for hyperref/bookmark (HO)
) (/usr/share/texmf-dist/tex/latex/auxhook/auxhook.sty
Package: auxhook 2019-12-17 v1.6 Hooks for auxiliary files (HO)
) (/usr/share/texmf-dist/tex/latex/hyperref/nameref.sty
Package: nameref 2023-11-26 v2.56 Cross-referencing by name of section
 (/usr/share/texmf-dist/tex/latex/refcount/refcount.sty
Package: refcount 2019/12/15 v3.6 Data extraction from label references (HO)
) (/usr/share/texmf-dist/tex/generic/gettitlestring/gettitlestring.sty
Package: gettitlestring 2019/12/15 v1.6 Cleanup title references (HO)
 (/usr/share/texmf-dist/tex/latex/kvoptions/kvoptions.sty
Package: kvoptions 2022-06-15 v3.15 Key value format for package options (HO)
))
\c@section@level=\count277
) (/usr/share/texmf-dist/tex/latex/etoolbox/etoolbox.sty
Package: etoolbox 2020/10/05 v2.5k e-TeX tools for LaTeX (JAW)
\etb@tempcnta=\count278
)
\@linkdim=\dimen160
\Hy@linkcounter=\count279
\Hy@pagecounter=\count280
 (/usr/share/texmf-dist/tex/latex/hyperref/pd1enc.def
File: pd1enc.def 2024-01-20 v7.01h Hyperref: PDFDocEncoding definition (HO)
Now handling font encoding PD1 ...
... no UTF-8 mapping file for font encoding PD1
) (/usr/share/texmf-dist/tex/generic/intcalc/intcalc.sty
Package: intcalc 2019/12/15 v1.3 Expandable calculations with integers (HO)
)
\Hy@SavedSpaceFactor=\count281
 (/usr/share/texmf-dist/tex/latex/hyperref/puenc.def
File: puenc.def 2024-01-20 v7.01h Hyperref: PDF Unicode definition (HO)
Now handling font encoding PU ...
... no UTF-8 mapping file for font encoding PU
)
Package hyperref Info: Hyper figures OFF on input line 4179.
Package hyperref Info: Link nesting OFF on input line 4184.
Package hyperref Info: Hyper index ON on input line 4187.
Package hyperref Info: Plain pages OFF on input line 4194.
Package hyperref Info: Backreferencing OFF on input line 4199.
Package hyperref Info: Implicit mode ON; LaTeX internals redefined.
Package hyperref Info: Bookmarks ON on input line 4446.
\c@Hy@tempcnt=\count282
 (/usr/share/texmf-dist/tex/latex/url/url.sty
\Urlmuskip=\muskip17
Package: url 2013/09/16  ver 3.4  Verb mode for urls, etc.
)
LaTeX Info: Redefining \url on input line 4784.
\XeTeXLinkMargin=\dimen161
 (/usr/share/texmf-dist/tex/generic/bitset/bitset.sty
Package: bitset 2019/12/09 v1.3 Handle bit-vector datatype (HO)
 (/usr/share/texmf-dist/tex/generic/bigintcalc/bigintcalc.sty
Package: bigintcalc 2019/12/15 v1.5 Expandable calculations on big integers (HO)
))
\Fld@menulength=\count283
\Field@Width=\dimen162
\Fld@charsize=\dimen163
Package hyperref Info: Hyper figures OFF on input line 6063.
Package hyperref Info: Link nesting OFF on input line 6068.
Package hyperref Info: Hyper index ON on input line 6071.
Package hyperref Info: backreferencing OFF on input line 6078.
Package hyperref Info: Link coloring OFF on input line 6083.
Package hyperref Info: Link coloring with OCG OFF on input line 6088.
Package hyperref Info: PDF/A mode OFF on input line 6093.
 (/usr/share/texmf-dist/tex/latex/base/atbegshi-ltx.sty
Package: atbegshi-ltx 2021/01/10 v1.0c Emulation of the original atbegshi
package with kernel methods
)
\Hy@abspage=\count284
\c@Item=\count285
\c@Hfootnote=\count286
)
Package hyperref Info: Driver (autodetected): hpdftex.
 (/usr/share/texmf-dist/tex/latex/hyperref/hpdftex.def
File: hpdftex.def 2024-01-20 v7.01h Hyperref driver for pdfTeX
 (/usr/share/texmf-dist/tex/latex/base/atveryend-ltx.sty
Package: atveryend-ltx 2020/08/19 v1.0a Emulation of the original atveryend package
with kernel methods
)
\Fld@listcount=\count287
\c@bookmark@seq@number=\count288
 (/usr/share/texmf-dist/tex/latex/rerunfilecheck/rerunfilecheck.sty
Package: rerunfilecheck 2022-07-10 v1.10 Rerun checks for auxiliary files (HO)
 (/usr/share/texmf-dist/tex/generic/uniquecounter/uniquecounter.sty
Package: uniquecounter 2019/12/15 v1.4 Provide unlimited unique counter (HO)
)
Package uniquecounter Info: New unique counter `rerunfilecheck' on input line 285.
)
\Hy@SectionHShift=\skip53
) (/usr/share/texmf-dist/tex/latex/setspace/setspace.sty
Package: setspace 2022/12/04 v6.7b set line spacing
) (/usr/share/texmf-dist/tex/latex/natbib/natbib.sty
Package: natbib 2010/09/13 8.31b (PWD, AO)
\bibhang=\skip54
\bibsep=\skip55
LaTeX Info: Redefining \cite on input line 694.
\c@NAT@ctr=\count289
) (/usr/share/texmf-dist/tex/latex/float/float.sty
Package: float 2001/11/08 v1.3d Float enhancements (AL)
\c@float@type=\count290
\float@exts=\toks26
\float@box=\box53
\@float@everytoks=\toks27
\@floatcapt=\box54
) (/usr/share/texmf-dist/tex/latex/listings/listings.sty
\lst@mode=\count291
\lst@gtempboxa=\box55
\lst@token=\toks28
\lst@length=\count292
\lst@currlwidth=\dimen164
\lst@column=\count293
\lst@pos=\count294
\lst@lostspace=\dimen165
\lst@width=\dimen166
\lst@newlines=\count295
\lst@lineno=\count296
\lst@maxwidth=\dimen167

(/usr/share/texmf-dist/tex/latex/listings/lstpatch.sty
File: lstpatch.sty 2024/02/21 1.10 (Carsten Heinz)
) (/usr/share/texmf-dist/tex/latex/listings/lstmisc.sty
File: lstmisc.sty 2024/02/21 1.10 (Carsten Heinz)
\c@lstnumber=\count297
\lst@skipnumbers=\count298
\lst@framebox=\box56
) (/usr/share/texmf-dist/tex/latex/listings/listings.cfg
File: listings.cfg 2024/02/21 1.10 listings configuration
))
Package: listings 2024/02/21 1.10 (Carsten Heinz)
 (/usr/share/texmf-dist/tex/latex/xcolor/xcolor.sty
Package: xcolor 2023/11/15 v3.01 LaTeX color extensions (UK)
 (/usr/share/texmf-dist/tex/latex/graphics-cfg/color.cfg
File: color.cfg 2016/01/02 v1.6 sample color configuration
)
Package xcolor Info: Driver file: pdftex.def on input line 274.
 (/usr/share/texmf-dist/tex/latex/graphics/mathcolor.ltx)
Package xcolor Info: Model `cmy' substituted by `cmy0' on input line 1350.
Package xcolor Info: Model `hsb' substituted by `rgb' on input line 1354.
Package xcolor Info: Model `RGB' extended on input line 1366.
Package xcolor Info: Model `HTML' substituted by `rgb' on input line 1368.
Package xcolor Info: Model `Hsb' substituted by `hsb' on input line 1369.
Package xcolor Info: Model `tHsb' substituted by `hsb' on input line 1370.
Package xcolor Info: Model `HSB' substituted by `hsb' on input line 1371.
Package xcolor Info: Model `Gray' substituted by `gray' on input line 1372.
Package xcolor Info: Model `wave' substituted by `hsb' on input line 1373.
) (/usr/share/texmf-dist/tex/latex/caption/caption.sty
Package: caption 2023/08/05 v3.6o Customizing captions (AR)
 (/usr/share/texmf-dist/tex/latex/caption/caption3.sty
Package: caption3 2023/07/31 v2.4d caption3 kernel (AR)
\caption@tempdima=\dimen168
\captionmargin=\dimen169
\caption@leftmargin=\dimen170
\caption@rightmargin=\dimen171
\caption@width=\dimen172
\caption@indent=\dimen173
\caption@parindent=\dimen174
\caption@hangindent=\dimen175
Package caption Info: Standard document class detected.
)
\c@caption@flags=\count299
\c@continuedfloat=\count300
Package caption Info: float package is loaded.
Package caption Info: hyperref package is loaded.
Package caption Info: listings package is loaded.
) (/usr/share/texmf-dist/tex/latex/algorithms/algorithm.sty
Package: algorithm 2009/08/24 v0.1 Document Style `algorithm' - floating environment
 (/usr/share/texmf-dist/tex/latex/base/ifthen.sty
Package: ifthen 2022/04/13 v1.1d Standard LaTeX ifthen package (DPC)
)
\@float@every@algorithm=\toks29
\c@algorithm=\count301
) (/usr/share/texmf-dist/tex/latex/algorithmicx/algorithmicx.sty
Package: algorithmicx 2005/04/27 v1.2 Algorithmicx

Document Style algorithmicx 1.2 - a greatly improved `algorithmic' style
\c@ALG@line=\count302
\c@ALG@rem=\count303
\c@ALG@nested=\count304
\ALG@tlm=\skip56
\ALG@thistlm=\skip57
\c@ALG@Lnr=\count305
\c@ALG@blocknr=\count306
\c@ALG@storecount=\count307
\c@ALG@tmpcounter=\count308
\ALG@tmplength=\skip58
) (/usr/share/texmf-dist/tex/latex/algorithmicx/algpseudocode.sty
Package: algpseudocode 

Document Style - pseudocode environments for use with the `algorithmicx' style
) (/usr/share/texmf-dist/tex/latex/listings/lstlang1.sty
File: lstlang1.sty 2024/02/21 1.10 listings language file
) (/usr/share/texmf-dist/tex/latex/l3backend/l3backend-pdftex.def
File: l3backend-pdftex.def 2024-02-20 L3 backend support: PDF output (pdfTeX)
\l__color_backend_stack_int=\count309
\l__pdf_internal_box=\box57
) (./Cluster.aux

LaTeX Warning: Label `tab:example' multiply defined.


LaTeX Warning: Label `tab:example' multiply defined.

)
\openout1 = `Cluster.aux'.

LaTeX Font Info:    Checking defaults for OML/cmm/m/it on input line 40.
LaTeX Font Info:    ... okay on input line 40.
LaTeX Font Info:    Checking defaults for OMS/cmsy/m/n on input line 40.
LaTeX Font Info:    ... okay on input line 40.
LaTeX Font Info:    Checking defaults for OT1/cmr/m/n on input line 40.
LaTeX Font Info:    ... okay on input line 40.
LaTeX Font Info:    Checking defaults for T1/cmr/m/n on input line 40.
LaTeX Font Info:    ... okay on input line 40.
LaTeX Font Info:    Checking defaults for TS1/cmr/m/n on input line 40.
LaTeX Font Info:    ... okay on input line 40.
LaTeX Font Info:    Checking defaults for OMX/cmex/m/n on input line 40.
LaTeX Font Info:    ... okay on input line 40.
LaTeX Font Info:    Checking defaults for U/cmr/m/n on input line 40.
LaTeX Font Info:    ... okay on input line 40.
LaTeX Font Info:    Checking defaults for PD1/pdf/m/n on input line 40.
LaTeX Font Info:    ... okay on input line 40.
LaTeX Font Info:    Checking defaults for PU/pdf/m/n on input line 40.
LaTeX Font Info:    ... okay on input line 40.

*geometry* driver: auto-detecting
*geometry* detected driver: pdftex
*geometry* verbose mode - [ preamble ] result:
* driver: pdftex
* paper: a4paper
* layout: <same size as paper>
* layoutoffset:(h,v)=(0.0pt,0.0pt)
* modes: 
* h-part:(L,W,R)=(56.9055pt, 483.69687pt, 56.9055pt)
* v-part:(T,H,B)=(56.9055pt, 731.23584pt, 56.9055pt)
* \paperwidth=597.50787pt
* \paperheight=845.04684pt
* \textwidth=483.69687pt
* \textheight=731.23584pt
* \oddsidemargin=-15.36449pt
* \evensidemargin=-15.36449pt
* \topmargin=-52.36449pt
* \headheight=12.0pt
* \headsep=25.0pt
* \topskip=12.0pt
* \footskip=30.0pt
* \marginparwidth=44.0pt
* \marginparsep=10.0pt
* \columnsep=10.0pt
* \skip\footins=10.8pt plus 4.0pt minus 2.0pt
* \hoffset=0.0pt
* \voffset=0.0pt
* \mag=1000
* \@twocolumnfalse
* \@twosidefalse
* \@mparswitchfalse
* \@reversemarginfalse
* (1in=72.27pt=25.4mm, 1cm=28.453pt)

(/usr/share/texmf-dist/tex/context/base/mkii/supp-pdf.mkii
[Loading MPS to PDF converter (version 2006.09.02).]
\scratchcounter=\count310
\scratchdimen=\dimen176
\scratchbox=\box58
\nofMPsegments=\count311
\nofMParguments=\count312
\everyMPshowfont=\toks30
\MPscratchCnt=\count313
\MPscratchDim=\dimen177
\MPnumerator=\count314
\makeMPintoPDFobject=\count315
\everyMPtoPDFconversion=\toks31
) (/usr/share/texmf-dist/tex/latex/epstopdf-pkg/epstopdf-base.sty
Package: epstopdf-base 2020-01-24 v2.11 Base part for package epstopdf
Package epstopdf-base Info: Redefining graphics rule for `.eps' on input line 485.
 (/usr/share/texmf-dist/tex/latex/latexconfig/epstopdf-sys.cfg
File: epstopdf-sys.cfg 2010/07/13 v1.3 Configuration of (r)epstopdf for TeX Live
))
Package hyperref Info: Link coloring OFF on input line 40.
 (./Cluster.out) (./Cluster.out)
\@outlinefile=\write3
\openout3 = `Cluster.out'.

\c@lstlisting=\count316
Package caption Info: Begin \AtBeginDocument code.
Package caption Info: End \AtBeginDocument code.
LaTeX Font Info:    Trying to load font information for U+msa on input line 43.
 (/usr/share/texmf-dist/tex/latex/amsfonts/umsa.fd
File: umsa.fd 2013/01/14 v3.01 AMS symbols A
)
LaTeX Font Info:    Trying to load font information for U+msb on input line 43.
 (/usr/share/texmf-dist/tex/latex/amsfonts/umsb.fd
File: umsb.fd 2013/01/14 v3.01 AMS symbols B
)
Underfull \hbox (badness 10000) in paragraph at lines 52--54

 []


Underfull \hbox (badness 10000) in paragraph at lines 55--60

 []


Underfull \hbox (badness 10000) in paragraph at lines 61--66

 []


Underfull \hbox (badness 10000) in paragraph at lines 67--70

 []


Underfull \hbox (badness 10000) in paragraph at lines 71--73

 []


Underfull \hbox (badness 10000) in paragraph at lines 77--85

 []

[1

{/var/lib/texmf/fonts/map/pdftex/updmap/pdftex.map}]
Underfull \hbox (badness 10000) in paragraph at lines 86--90

 []


Underfull \hbox (badness 10000) in paragraph at lines 108--110

 []


Underfull \hbox (badness 10000) in paragraph at lines 111--113

 []

[2] [3]
Overfull \hbox (23.13614pt too wide) detected at line 160
[]
 []

<../fig/Full connected Variational Inference.png, id=81, 963.6pt x 542.025pt>
File: ../fig/Full connected Variational Inference.png Graphic file (type png)
<use ../fig/Full connected Variational Inference.png>
Package pdftex.def Info: ../fig/Full connected Variational Inference.png  used on input line 168.
(pdftex.def)             Requested size: 241.84843pt x 136.03523pt.
Package hyperref Info: bookmark level for unknown lstlisting defaults to 0 on input line 174.
[4 <../fig/Full connected Variational Inference.png (PNG copy)>]
<../fig/ID 3-Digit 8 pred 3 new_image.png, id=101, 462.528pt x 346.896pt>
File: ../fig/ID 3-Digit 8 pred 3 new_image.png Graphic file (type png)
<use ../fig/ID 3-Digit 8 pred 3 new_image.png>
Package pdftex.def Info: ../fig/ID 3-Digit 8 pred 3 new_image.png  used on input line 203.
(pdftex.def)             Requested size: 338.58632pt x 253.95184pt.
<../fig/GANandVAE.png, id=103, 963.6pt x 542.025pt>
File: ../fig/GANandVAE.png Graphic file (type png)
<use ../fig/GANandVAE.png>
Package pdftex.def Info: ../fig/GANandVAE.png  used on input line 211.
(pdftex.def)             Requested size: 241.84843pt x 136.03523pt.
 [5 <../fig/ID 3-Digit 8 pred 3 new_image.png>]
<../fig/2x2kernelstrike2.png, id=127, 642.4pt x 256.96pt>
File: ../fig/2x2kernelstrike2.png Graphic file (type png)
<use ../fig/2x2kernelstrike2.png>
Package pdftex.def Info: ../fig/2x2kernelstrike2.png  used on input line 219.
(pdftex.def)             Requested size: 241.84843pt x 96.74008pt.
 [6 <../fig/GANandVAE.png (PNG copy)> <../fig/2x2kernelstrike2.png>] [7] [8]
<../fig/ID 3-Digit 8 pred 3 with n=5.png, id=269, 462.528pt x 346.896pt>
File: ../fig/ID 3-Digit 8 pred 3 with n=5.png Graphic file (type png)
<use ../fig/ID 3-Digit 8 pred 3 with n=5.png>
Package pdftex.def Info: ../fig/ID 3-Digit 8 pred 3 with n=5.png  used on input line 372.
(pdftex.def)             Requested size: 217.66211pt x 163.24757pt.
<../fig/ID 3-Digit 8 pred 3 with n=5-1_1.png, id=270, 462.528pt x 346.896pt>
File: ../fig/ID 3-Digit 8 pred 3 with n=5-1_1.png Graphic file (type png)
<use ../fig/ID 3-Digit 8 pred 3 with n=5-1_1.png>
Package pdftex.def Info: ../fig/ID 3-Digit 8 pred 3 with n=5-1_1.png  used on input line 378.
(pdftex.def)             Requested size: 217.66211pt x 163.24757pt.
<../fig/ID 3-Digit 8 pred 3 with n=10.png, id=271, 462.528pt x 346.896pt>
File: ../fig/ID 3-Digit 8 pred 3 with n=10.png Graphic file (type png)
<use ../fig/ID 3-Digit 8 pred 3 with n=10.png>
Package pdftex.def Info: ../fig/ID 3-Digit 8 pred 3 with n=10.png  used on input line 386.
(pdftex.def)             Requested size: 217.66211pt x 163.24757pt.
<../fig/ID 3-Digit 8 pred 3 with n=10-1_1.png, id=272, 462.528pt x 346.896pt>
File: ../fig/ID 3-Digit 8 pred 3 with n=10-1_1.png Graphic file (type png)
<use ../fig/ID 3-Digit 8 pred 3 with n=10-1_1.png>
Package pdftex.def Info: ../fig/ID 3-Digit 8 pred 3 with n=10-1_1.png  used on input line 392.
(pdftex.def)             Requested size: 217.66211pt x 163.24757pt.
<../fig/ID 3-Digit 8 pred 3 with n=12.png, id=273, 462.528pt x 346.896pt>
File: ../fig/ID 3-Digit 8 pred 3 with n=12.png Graphic file (type png)
<use ../fig/ID 3-Digit 8 pred 3 with n=12.png>
Package pdftex.def Info: ../fig/ID 3-Digit 8 pred 3 with n=12.png  used on input line 400.
(pdftex.def)             Requested size: 217.66211pt x 163.24757pt.
<../fig/ID 3-Digit 8 pred 3 with n=12-1_1.png, id=274, 462.528pt x 346.896pt>
File: ../fig/ID 3-Digit 8 pred 3 with n=12-1_1.png Graphic file (type png)
<use ../fig/ID 3-Digit 8 pred 3 with n=12-1_1.png>
Package pdftex.def Info: ../fig/ID 3-Digit 8 pred 3 with n=12-1_1.png  used on input line 406.
(pdftex.def)             Requested size: 217.66211pt x 163.24757pt.
<../fig/ID 3-Digit 8 pred 3 with n=13.png, id=275, 462.528pt x 346.896pt>
File: ../fig/ID 3-Digit 8 pred 3 with n=13.png Graphic file (type png)
<use ../fig/ID 3-Digit 8 pred 3 with n=13.png>
Package pdftex.def Info: ../fig/ID 3-Digit 8 pred 3 with n=13.png  used on input line 414.
(pdftex.def)             Requested size: 217.66211pt x 163.24757pt.
<../fig/ID 3-Digit 8 pred 3 with n=13-1_1.png, id=276, 462.528pt x 346.896pt>
File: ../fig/ID 3-Digit 8 pred 3 with n=13-1_1.png Graphic file (type png)
<use ../fig/ID 3-Digit 8 pred 3 with n=13-1_1.png>
Package pdftex.def Info: ../fig/ID 3-Digit 8 pred 3 with n=13-1_1.png  used on input line 420.
(pdftex.def)             Requested size: 217.66211pt x 163.24757pt.
 [9]
Overfull \vbox (41.58763pt too high) has occurred while \output is active []

 [10 <../fig/ID 3-Digit 8 pred 3 with n=5.png> <../fig/ID 3-Digit 8 pred 3 with n=5-1_1.png> <../fig/ID 3-Digit 8 pred 3 with n=10.png> <../fig/ID 3-Digit 8 pred 3 with n=10-1_1.png> <../fig/ID 3-Digit 8 pred 3 with n=12.png> <../fig/ID 3-Digit 8 pred 3 with n=12-1_1.png> <../fig/ID 3-Digit 8 pred 3 with n=13.png> <../fig/ID 3-Digit 8 pred 3 with n=13-1_1.png>]
<../fig/ID 3-Digit 8 pred 3 with n=15.png, id=302, 462.528pt x 346.896pt>
File: ../fig/ID 3-Digit 8 pred 3 with n=15.png Graphic file (type png)
<use ../fig/ID 3-Digit 8 pred 3 with n=15.png>
Package pdftex.def Info: ../fig/ID 3-Digit 8 pred 3 with n=15.png  used on input line 438.
(pdftex.def)             Requested size: 217.66211pt x 163.24757pt.
<../fig/ID 3-Digit 8 pred 3 with n=15-1_1.png, id=303, 462.528pt x 346.896pt>
File: ../fig/ID 3-Digit 8 pred 3 with n=15-1_1.png Graphic file (type png)
<use ../fig/ID 3-Digit 8 pred 3 with n=15-1_1.png>
Package pdftex.def Info: ../fig/ID 3-Digit 8 pred 3 with n=15-1_1.png  used on input line 444.
(pdftex.def)             Requested size: 217.66211pt x 163.24757pt.
<../fig/ID 3-Digit 8 pred 8 with n=20.png, id=304, 462.528pt x 346.896pt>
File: ../fig/ID 3-Digit 8 pred 8 with n=20.png Graphic file (type png)
<use ../fig/ID 3-Digit 8 pred 8 with n=20.png>
Package pdftex.def Info: ../fig/ID 3-Digit 8 pred 8 with n=20.png  used on input line 452.
(pdftex.def)             Requested size: 217.66211pt x 163.24757pt.
<../fig/ID 3-Digit 8 pred 8 with n=20-1_1.png, id=305, 462.528pt x 346.896pt>
File: ../fig/ID 3-Digit 8 pred 8 with n=20-1_1.png Graphic file (type png)
<use ../fig/ID 3-Digit 8 pred 8 with n=20-1_1.png>
Package pdftex.def Info: ../fig/ID 3-Digit 8 pred 8 with n=20-1_1.png  used on input line 458.
(pdftex.def)             Requested size: 217.66211pt x 163.24757pt.
<../fig/ID 3-Digit 8 pred 8 with n=25.png, id=306, 462.528pt x 346.896pt>
File: ../fig/ID 3-Digit 8 pred 8 with n=25.png Graphic file (type png)
<use ../fig/ID 3-Digit 8 pred 8 with n=25.png>
Package pdftex.def Info: ../fig/ID 3-Digit 8 pred 8 with n=25.png  used on input line 466.
(pdftex.def)             Requested size: 217.66211pt x 163.24757pt.
<../fig/ID 3-Digit 8 pred 8 with n=25-1_1.png, id=307, 462.528pt x 346.896pt>
File: ../fig/ID 3-Digit 8 pred 8 with n=25-1_1.png Graphic file (type png)
<use ../fig/ID 3-Digit 8 pred 8 with n=25-1_1.png>
Package pdftex.def Info: ../fig/ID 3-Digit 8 pred 8 with n=25-1_1.png  used on input line 472.
(pdftex.def)             Requested size: 217.66211pt x 163.24757pt.
<../fig/ID 3-Digit 8 pred 8 with n=30.png, id=308, 462.528pt x 346.896pt>
File: ../fig/ID 3-Digit 8 pred 8 with n=30.png Graphic file (type png)
<use ../fig/ID 3-Digit 8 pred 8 with n=30.png>
Package pdftex.def Info: ../fig/ID 3-Digit 8 pred 8 with n=30.png  used on input line 480.
(pdftex.def)             Requested size: 217.66211pt x 163.24757pt.
<../fig/ID 3-Digit 8 pred 8 with n=30-1_1.png, id=309, 462.528pt x 346.896pt>
File: ../fig/ID 3-Digit 8 pred 8 with n=30-1_1.png Graphic file (type png)
<use ../fig/ID 3-Digit 8 pred 8 with n=30-1_1.png>
Package pdftex.def Info: ../fig/ID 3-Digit 8 pred 8 with n=30-1_1.png  used on input line 486.
(pdftex.def)             Requested size: 217.66211pt x 163.24757pt.

Overfull \vbox (41.18764pt too high) has occurred while \output is active []

 [11 <../fig/ID 3-Digit 8 pred 3 with n=15.png> <../fig/ID 3-Digit 8 pred 3 with n=15-1_1.png> <../fig/ID 3-Digit 8 pred 8 with n=20.png> <../fig/ID 3-Digit 8 pred 8 with n=20-1_1.png> <../fig/ID 3-Digit 8 pred 8 with n=25.png> <../fig/ID 3-Digit 8 pred 8 with n=25-1_1.png> <../fig/ID 3-Digit 8 pred 8 with n=30.png> <../fig/ID 3-Digit 8 pred 8 with n=30-1_1.png>]
<../fig/ID 1-Digit 8 pred 8 new_image.png, id=323, 462.528pt x 346.896pt>
File: ../fig/ID 1-Digit 8 pred 8 new_image.png Graphic file (type png)
<use ../fig/ID 1-Digit 8 pred 8 new_image.png>
Package pdftex.def Info: ../fig/ID 1-Digit 8 pred 8 new_image.png  used on input line 503.
(pdftex.def)             Requested size: 217.66211pt x 163.24757pt.
<../fig/ID 1-Digit 8 classification n patches = 188.png, id=324, 462.528pt x 346.896pt>
File: ../fig/ID 1-Digit 8 classification n patches = 188.png Graphic file (type png)
<use ../fig/ID 1-Digit 8 classification n patches = 188.png>
Package pdftex.def Info: ../fig/ID 1-Digit 8 classification n patches = 188.png  used on input line 508.
(pdftex.def)             Requested size: 217.66211pt x 163.24757pt.
<../fig/ID 2-Digit 8 pred 8 new_image.png, id=325, 462.528pt x 346.896pt>
File: ../fig/ID 2-Digit 8 pred 8 new_image.png Graphic file (type png)
<use ../fig/ID 2-Digit 8 pred 8 new_image.png>
Package pdftex.def Info: ../fig/ID 2-Digit 8 pred 8 new_image.png  used on input line 515.
(pdftex.def)             Requested size: 217.66211pt x 163.24757pt.
<../fig/ID 2-Digit 8 classification n patches = 189.png, id=326, 462.528pt x 346.896pt>
File: ../fig/ID 2-Digit 8 classification n patches = 189.png Graphic file (type png)
<use ../fig/ID 2-Digit 8 classification n patches = 189.png>
Package pdftex.def Info: ../fig/ID 2-Digit 8 classification n patches = 189.png  used on input line 520.
(pdftex.def)             Requested size: 217.66211pt x 163.24757pt.
<../fig/ID 4-Digit 8 pred 8 new_image.png, id=327, 462.528pt x 346.896pt>
File: ../fig/ID 4-Digit 8 pred 8 new_image.png Graphic file (type png)
<use ../fig/ID 4-Digit 8 pred 8 new_image.png>
Package pdftex.def Info: ../fig/ID 4-Digit 8 pred 8 new_image.png  used on input line 527.
(pdftex.def)             Requested size: 217.66211pt x 163.24757pt.
<../fig/ID 4-Digit 8 classification n patches = 187.png, id=328, 462.528pt x 346.896pt>
File: ../fig/ID 4-Digit 8 classification n patches = 187.png Graphic file (type png)
<use ../fig/ID 4-Digit 8 classification n patches = 187.png>
Package pdftex.def Info: ../fig/ID 4-Digit 8 classification n patches = 187.png  used on input line 532.
(pdftex.def)             Requested size: 217.66211pt x 163.24757pt.
<../fig/ID 5-Digit 8 pred 8 new_image.png, id=329, 462.528pt x 346.896pt>
File: ../fig/ID 5-Digit 8 pred 8 new_image.png Graphic file (type png)
<use ../fig/ID 5-Digit 8 pred 8 new_image.png>
Package pdftex.def Info: ../fig/ID 5-Digit 8 pred 8 new_image.png  used on input line 539.
(pdftex.def)             Requested size: 217.66211pt x 163.24757pt.
<../fig/ID 5-Digit 8 classification n patches = 190.png, id=330, 462.528pt x 346.896pt>
File: ../fig/ID 5-Digit 8 classification n patches = 190.png Graphic file (type png)
<use ../fig/ID 5-Digit 8 classification n patches = 190.png>
Package pdftex.def Info: ../fig/ID 5-Digit 8 classification n patches = 190.png  used on input line 544.
(pdftex.def)             Requested size: 217.66211pt x 163.24757pt.

Overfull \vbox (6.25435pt too high) has occurred while \output is active []

 [12 <../fig/ID 1-Digit 8 pred 8 new_image.png> <../fig/ID 1-Digit 8 classification n patches = 188.png> <../fig/ID 2-Digit 8 pred 8 new_image.png> <../fig/ID 2-Digit 8 classification n patches = 189.png> <../fig/ID 4-Digit 8 pred 8 new_image.png> <../fig/ID 4-Digit 8 classification n patches = 187.png> <../fig/ID 5-Digit 8 pred 8 new_image.png> <../fig/ID 5-Digit 8 classification n patches = 190.png>]
Underfull \hbox (badness 10000) in paragraph at lines 556--557

 []

<../fig/GAN-VI-model-v2.png, id=346, 1278.57675pt x 711.25725pt>
File: ../fig/GAN-VI-model-v2.png Graphic file (type png)
<use ../fig/GAN-VI-model-v2.png>
Package pdftex.def Info: ../fig/GAN-VI-model-v2.png  used on input line 569.
(pdftex.def)             Requested size: 386.95897pt x 215.25636pt.

Overfull \hbox (23.13614pt too wide) detected at line 581
[]
 []


Underfull \hbox (badness 10000) in paragraph at lines 583--584

 []


Underfull \hbox (badness 10000) in paragraph at lines 585--587

 []

[13 <../fig/GAN-VI-model-v2.png>]
Underfull \hbox (badness 10000) in paragraph at lines 589--590

 []

<../fig/ID_7687_Original_Reconstructed_Patch.png, id=358, 1084.05pt x 1806.75pt>
File: ../fig/ID_7687_Original_Reconstructed_Patch.png Graphic file (type png)
<use ../fig/ID_7687_Original_Reconstructed_Patch.png>
Package pdftex.def Info: ../fig/ID_7687_Original_Reconstructed_Patch.png  used on input line 593.
(pdftex.def)             Requested size: 386.95897pt x 644.91576pt.
[14]
<../fig-mask-collection/ID_2968_Original_Reconstructed_Patch_1.png, id=364, 1084.05pt x 1806.75pt>
File: ../fig-mask-collection/ID_2968_Original_Reconstructed_Patch_1.png Graphic file (type png)
<use ../fig-mask-collection/ID_2968_Original_Reconstructed_Patch_1.png>
Package pdftex.def Info: ../fig-mask-collection/ID_2968_Original_Reconstructed_Patch_1.png  used on input line 600.
(pdftex.def)             Requested size: 386.95897pt x 644.91576pt.
 [15 <../fig/ID_7687_Original_Reconstructed_Patch.png>]
<../fig-mask-collection/ID_8631_Original_Reconstructed_Patch_1.png, id=371, 1084.05pt x 1806.75pt>
File: ../fig-mask-collection/ID_8631_Original_Reconstructed_Patch_1.png Graphic file (type png)
<use ../fig-mask-collection/ID_8631_Original_Reconstructed_Patch_1.png>
Package pdftex.def Info: ../fig-mask-collection/ID_8631_Original_Reconstructed_Patch_1.png  used on input line 607.
(pdftex.def)             Requested size: 386.95897pt x 644.91576pt.
 [16 <../fig-mask-collection/ID_2968_Original_Reconstructed_Patch_1.png>]
<../fig-mask-collection/ID_8558_Original_Reconstructed_Patch_1.png, id=378, 1084.05pt x 1806.75pt>
File: ../fig-mask-collection/ID_8558_Original_Reconstructed_Patch_1.png Graphic file (type png)
<use ../fig-mask-collection/ID_8558_Original_Reconstructed_Patch_1.png>
Package pdftex.def Info: ../fig-mask-collection/ID_8558_Original_Reconstructed_Patch_1.png  used on input line 614.
(pdftex.def)             Requested size: 386.95897pt x 644.91576pt.
 [17 <../fig-mask-collection/ID_8631_Original_Reconstructed_Patch_1.png>]
<../fig-mask-collection/t-SNE_vs_UMAP.png, id=385, 867.24pt x 433.62pt>
File: ../fig-mask-collection/t-SNE_vs_UMAP.png Graphic file (type png)
<use ../fig-mask-collection/t-SNE_vs_UMAP.png>
Package pdftex.def Info: ../fig-mask-collection/t-SNE_vs_UMAP.png  used on input line 622.
(pdftex.def)             Requested size: 483.69687pt x 241.85292pt.
 [18 <../fig-mask-collection/ID_8558_Original_Reconstructed_Patch_1.png>]
<../fig/ID 3-Digit 8 pred 5.png, id=392, 462.528pt x 346.896pt>
File: ../fig/ID 3-Digit 8 pred 5.png Graphic file (type png)
<use ../fig/ID 3-Digit 8 pred 5.png>
Package pdftex.def Info: ../fig/ID 3-Digit 8 pred 5.png  used on input line 632.
(pdftex.def)             Requested size: 338.58632pt x 253.95184pt.

Underfull \hbox (badness 10000) in paragraph at lines 638--639

 []

<../fig/Sharingan-evo.png, id=393, 1284.8pt x 2055.68pt>
File: ../fig/Sharingan-evo.png Graphic file (type png)
<use ../fig/Sharingan-evo.png>
Package pdftex.def Info: ../fig/Sharingan-evo.png  used on input line 642.
(pdftex.def)             Requested size: 338.58632pt x 541.74136pt.
[19 <../fig-mask-collection/t-SNE_vs_UMAP.png> <../fig/ID 3-Digit 8 pred 5.png>] [20 <../fig/Sharingan-evo.png>] (./Cluster.bbl) [21] (./Cluster.aux)
 ***********
LaTeX2e <2023-11-01> patch level 1
L3 programming layer <2024-02-20>
 ***********


LaTeX Warning: There were multiply-defined labels.

Package rerunfilecheck Info: File `Cluster.out' has not changed.
(rerunfilecheck)             Checksum: 20C372B032409423086BAC4C1EC13101;1192.
 ) 
Here is how much of TeX's memory you used:
 15281 strings out of 476076
 239423 string characters out of 5793775
 2295187 words of memory out of 5000000
 36997 multiletter control sequences out of 15000+600000
 567816 words of font info for 74 fonts, out of 8000000 for 9000
 14 hyphenation exceptions out of 8191
 75i,16n,79p,500b,2169s stack positions out of 10000i,1000n,20000p,200000b,200000s
</usr/share/texmf-dist/fonts/type1/public/amsfonts/cm/cmbx10.pfb></usr/share/texmf-dist/fonts/type1/public/amsfonts/cm/cmbx12.pfb></usr/share/texmf-dist/fonts/type1/public/amsfonts/cm/cmex10.pfb></usr/share/texmf-dist/fonts/type1/public/amsfonts/cmextra/cmex8.pfb></usr/share/texmf-dist/fonts/type1/public/amsfonts/cm/cmmi12.pfb></usr/share/texmf-dist/fonts/type1/public/amsfonts/cm/cmmi6.pfb></usr/share/texmf-dist/fonts/type1/public/amsfonts/cm/cmmi8.pfb></usr/share/texmf-dist/fonts/type1/public/amsfonts/cm/cmr10.pfb></usr/share/texmf-dist/fonts/type1/public/amsfonts/cm/cmr12.pfb></usr/share/texmf-dist/fonts/type1/public/amsfonts/cm/cmr17.pfb></usr/share/texmf-dist/fonts/type1/public/amsfonts/cm/cmr6.pfb></usr/share/texmf-dist/fonts/type1/public/amsfonts/cm/cmr8.pfb></usr/share/texmf-dist/fonts/type1/public/amsfonts/cm/cmsy10.pfb></usr/share/texmf-dist/fonts/type1/public/amsfonts/cm/cmsy6.pfb></usr/share/texmf-dist/fonts/type1/public/amsfonts/cm/cmsy8.pfb></usr/share/texmf-dist/fonts/type1/public/amsfonts/cm/cmti10.pfb></usr/share/texmf-dist/fonts/type1/public/amsfonts/cm/cmtt10.pfb></usr/share/texmf-dist/fonts/type1/public/amsfonts/symbols/msbm10.pfb>
Output written on Cluster.pdf (21 pages, 1937284 bytes).
PDF statistics:
 541 PDF objects out of 1000 (max. 8388607)
 408 compressed objects within 5 object streams
 218 named destinations out of 1000 (max. 500000)
 253 words of extra memory for PDF output out of 10000 (max. 10000000)

