\BOOKMARK [1][-]{section.1}{\376\377\000I\000n\000t\000r\000o\000d\000u\000c\000t\000i\000o\000n}{}% 1
\BOOKMARK [1][-]{section.2}{\376\377\000B\000a\000s\000i\000c\000\040\000M\000a\000t\000h}{}% 2
\BOOKMARK [2][-]{subsection.2.1}{\376\377\000P\000r\000o\000b\000a\000b\000i\000l\000i\000t\000y\000\040\000T\000h\000e\000o\000r\000y}{section.2}% 3
\BOOKMARK [2][-]{subsection.2.2}{\376\377\000S\000a\000m\000p\000l\000i\000n\000g\000\040\000f\000r\000o\000m\000\040\000a\000\040\000P\000r\000o\000b\000a\000b\000i\000l\000i\000t\000y\000\040\000D\000i\000s\000t\000r\000i\000b\000u\000t\000i\000o\000n\000:\000\040\000W\000h\000y\000\040\000\040\000P\000\050\000x\000\051\000\040\000\040\000d\000x\000\040\000?}{section.2}% 4
\BOOKMARK [3][-]{subsubsection.2.2.1}{\376\377\000M\000a\000t\000h\000e\000m\000a\000t\000i\000c\000a\000l\000\040\000E\000x\000p\000r\000e\000s\000s\000i\000o\000n}{subsection.2.2}% 5
\BOOKMARK [3][-]{subsubsection.2.2.2}{\376\377\000W\000h\000y\000\040\000\040\000P\000\050\000x\000\051\000\040\000\040\000d\000x\000\040\000?}{subsection.2.2}% 6
\BOOKMARK [3][-]{subsubsection.2.2.3}{\376\377\000E\000x\000a\000m\000p\000l\000e\000\040\000o\000f\000\040\000S\000a\000m\000p\000l\000i\000n\000g}{subsection.2.2}% 7
\BOOKMARK [2][-]{subsection.2.3}{\376\377\000S\000t\000a\000n\000d\000a\000r\000d\000\040\000S\000a\000m\000p\000l\000i\000n\000g\000\040\000\050\000N\000o\000n\000-\000D\000i\000f\000f\000e\000r\000e\000n\000t\000i\000a\000b\000l\000e\000\051}{section.2}% 8
\BOOKMARK [2][-]{subsection.2.4}{\376\377\000R\000e\000p\000a\000r\000a\000m\000e\000t\000e\000r\000i\000z\000a\000t\000i\000o\000n\000\040\000T\000r\000i\000c\000k\000\040\000\050\000D\000i\000f\000f\000e\000r\000e\000n\000t\000i\000a\000b\000l\000e\000\051}{section.2}% 9
\BOOKMARK [2][-]{subsection.2.5}{\376\377\000G\000u\000m\000b\000e\000l\000-\000S\000o\000f\000t\000m\000a\000x}{section.2}% 10
\BOOKMARK [3][-]{subsubsection.2.5.1}{\376\377\000D\000e\000f\000i\000n\000i\000t\000i\000o\000n}{subsection.2.5}% 11
\BOOKMARK [3][-]{subsubsection.2.5.2}{\376\377\000P\000r\000o\000o\000f\000\040\000o\000f\000\040\000D\000i\000f\000f\000e\000r\000e\000n\000t\000i\000a\000b\000i\000l\000i\000t\000y}{subsection.2.5}% 12
\BOOKMARK [2][-]{subsection.2.6}{\376\377\000C\000o\000n\000c\000r\000e\000t\000e\000\040\000D\000i\000s\000t\000r\000i\000b\000u\000t\000i\000o\000n}{section.2}% 13
\BOOKMARK [3][-]{subsubsection.2.6.1}{\376\377\000D\000e\000f\000i\000n\000i\000t\000i\000o\000n}{subsection.2.6}% 14
\BOOKMARK [3][-]{subsubsection.2.6.2}{\376\377\000D\000i\000f\000f\000e\000r\000e\000n\000t\000i\000a\000b\000i\000l\000i\000t\000y}{subsection.2.6}% 15
\BOOKMARK [2][-]{subsection.2.7}{\376\377\000P\000r\000o\000s\000\040\000a\000n\000d\000\040\000C\000o\000n\000s}{section.2}% 16
\BOOKMARK [2][-]{subsection.2.8}{\376\377\000U\000s\000e\000\040\000C\000a\000s\000e\000s}{section.2}% 17
\BOOKMARK [3][-]{subsubsection.2.8.1}{\376\377\000G\000u\000m\000b\000e\000l\000-\000S\000o\000f\000t\000m\000a\000x}{subsection.2.8}% 18
\BOOKMARK [3][-]{subsubsection.2.8.2}{\376\377\000C\000o\000n\000c\000r\000e\000t\000e\000\040\000D\000i\000s\000t\000r\000i\000b\000u\000t\000i\000o\000n}{subsection.2.8}% 19
\BOOKMARK [2][-]{subsection.2.9}{\376\377\000E\000q\000u\000a\000t\000i\000o\000n\000s\000\040\000S\000u\000m\000m\000a\000r\000y}{section.2}% 20
\BOOKMARK [3][-]{subsubsection.2.9.1}{\376\377\000G\000u\000m\000b\000e\000l\000-\000S\000o\000f\000t\000m\000a\000x\000\040\000E\000q\000u\000a\000t\000i\000o\000n}{subsection.2.9}% 21
\BOOKMARK [3][-]{subsubsection.2.9.2}{\376\377\000C\000o\000n\000c\000r\000e\000t\000e\000\040\000D\000i\000s\000t\000r\000i\000b\000u\000t\000i\000o\000n\000\040\000E\000q\000u\000a\000t\000i\000o\000n}{subsection.2.9}% 22
\BOOKMARK [2][-]{subsection.2.10}{\376\377\000L\000i\000n\000e\000a\000r\000\040\000A\000l\000g\000e\000b\000r\000a}{section.2}% 23
\BOOKMARK [2][-]{subsection.2.11}{\376\377\000O\000p\000t\000i\000m\000i\000z\000a\000t\000i\000o\000n}{section.2}% 24
\BOOKMARK [1][-]{section.3}{\376\377\000P\000y\000T\000o\000r\000c\000h\000\040\000B\000a\000s\000i\000c\000s}{}% 25
\BOOKMARK [2][-]{subsection.3.1}{\376\377\000T\000e\000n\000s\000o\000r\000s}{section.3}% 26
\BOOKMARK [1][-]{section.4}{\376\377\000P\000y\000T\000o\000r\000c\000h\000\040\000t\000r\000a\000i\000n\000i\000n\000g\000\040\000g\000r\000a\000d\000i\000e\000n\000t\000s}{}% 27
\BOOKMARK [2][-]{subsection.4.1}{\376\377\000A\000u\000t\000o\000g\000r\000a\000d}{section.4}% 28
\BOOKMARK [2][-]{subsection.4.2}{\376\377\000B\000u\000i\000l\000d\000i\000n\000g\000\040\000N\000e\000u\000r\000a\000l\000\040\000N\000e\000t\000w\000o\000r\000k\000s}{section.4}% 29
\BOOKMARK [2][-]{subsection.4.3}{\376\377\000C\000o\000n\000v\000o\000l\000u\000t\000i\000o\000n\000a\000l\000\040\000N\000e\000u\000r\000a\000l\000\040\000N\000e\000t\000w\000o\000r\000k\000s\000\040\000\050\000C\000N\000N\000s\000\051\000\040\000b\000a\000s\000i\000c\000s}{section.4}% 30
\BOOKMARK [1][-]{section.5}{\376\377\000G\000A\000N\000s\000\040\000M\000o\000d\000e\000l\000s}{}% 31
\BOOKMARK [2][-]{subsection.5.1}{\376\377\000B\000a\000s\000i\000c\000\040\000G\000A\000N}{section.5}% 32
\BOOKMARK [2][-]{subsection.5.2}{\376\377\000D\000C\000G\000A\000N}{section.5}% 33
\BOOKMARK [2][-]{subsection.5.3}{\376\377\000W\000G\000A\000N}{section.5}% 34
\BOOKMARK [2][-]{subsection.5.4}{\376\377\000C\000y\000c\000l\000e\000G\000A\000N}{section.5}% 35
\BOOKMARK [1][-]{section.6}{\376\377\000L\000o\000s\000s\000\040\000F\000u\000n\000c\000t\000i\000o\000n\000s}{}% 36
\BOOKMARK [1][-]{section.7}{\376\377\000E\000v\000a\000l\000u\000a\000t\000i\000o\000n\000\040\000M\000e\000t\000r\000i\000c\000s}{}% 37
\BOOKMARK [2][-]{subsection.7.1}{\376\377\000F\000r\000e\000c\000h\000e\000t\000\040\000I\000n\000c\000e\000p\000t\000i\000o\000n\000\040\000D\000i\000s\000t\000a\000n\000c\000e\000\040\000\050\000F\000I\000D\000\051}{section.7}% 38
\BOOKMARK [2][-]{subsection.7.2}{\376\377\000I\000n\000c\000e\000p\000t\000i\000o\000n\000\040\000S\000c\000o\000r\000e\000\040\000\050\000I\000S\000\051}{section.7}% 39
\BOOKMARK [1][-]{section.8}{\376\377\000B\000o\000l\000t\000z\000m\000a\000n\000n\000\040\000M\000a\000c\000h\000i\000n\000e\000s\000:\000\040\000I\000n\000t\000u\000i\000t\000i\000o\000n}{}% 40
\BOOKMARK [2][-]{subsection.8.1}{\376\377\000R\000e\000s\000t\000r\000i\000c\000t\000e\000d\000\040\000B\000o\000l\000t\000z\000m\000a\000n\000n\000\040\000M\000a\000c\000h\000i\000n\000e\000s\000\040\000\050\000R\000B\000M\000s\000\051}{section.8}% 41
\BOOKMARK [1][-]{section.9}{\376\377\000M\000a\000t\000h\000e\000m\000a\000t\000i\000c\000a\000l\000\040\000F\000o\000r\000m\000u\000l\000a\000t\000i\000o\000n}{}% 42
\BOOKMARK [2][-]{subsection.9.1}{\376\377\000T\000r\000a\000i\000n\000i\000n\000g\000\040\000v\000i\000a\000\040\000C\000o\000n\000t\000r\000a\000s\000t\000i\000v\000e\000\040\000D\000i\000v\000e\000r\000g\000e\000n\000c\000e}{section.9}% 43
\BOOKMARK [1][-]{section.10}{\376\377\000I\000l\000l\000u\000s\000t\000r\000a\000t\000i\000o\000n\000\040\000o\000f\000\040\000R\000B\000M\000\040\000S\000t\000r\000u\000c\000t\000u\000r\000e}{}% 44
\BOOKMARK [1][-]{section.11}{\376\377\000F\000o\000u\000r\000i\000e\000r\000\040\000S\000e\000r\000i\000e\000s\000\040\000a\000n\000d\000\040\000F\000a\000s\000t\000\040\000F\000o\000u\000r\000i\000e\000r\000\040\000T\000r\000a\000n\000s\000f\000o\000r\000m\000\040\000\050\000F\000F\000T\000\051\000:\000\040\000M\000a\000t\000h\000e\000m\000a\000t\000i\000c\000a\000l\000\040\000E\000x\000p\000l\000a\000n\000a\000t\000i\000o\000n\000\040\000a\000n\000d\000\040\000C\000o\000m\000p\000a\000r\000i\000s\000o\000n}{}% 45
\BOOKMARK [2][-]{subsection.11.1}{\376\377\0001\000.\000\040\000F\000o\000u\000r\000i\000e\000r\000\040\000S\000e\000r\000i\000e\000s}{section.11}% 46
\BOOKMARK [2][-]{subsection.11.2}{\376\377\0002\000.\000\040\000F\000a\000s\000t\000\040\000F\000o\000u\000r\000i\000e\000r\000\040\000T\000r\000a\000n\000s\000f\000o\000r\000m\000\040\000\050\000F\000F\000T\000\051}{section.11}% 47
\BOOKMARK [2][-]{subsection.11.3}{\376\377\000C\000o\000m\000p\000a\000r\000i\000s\000o\000n}{section.11}% 48
\BOOKMARK [2][-]{subsection.11.4}{\376\377\000P\000y\000t\000h\000o\000n\000\040\000C\000o\000d\000e\000\040\000f\000o\000r\000\040\000F\000F\000T\000\040\000a\000n\000d\000\040\000I\000n\000v\000e\000r\000s\000e\000\040\000F\000F\000T}{section.11}% 49
\BOOKMARK [2][-]{subsection.11.5}{\376\377\000E\000x\000a\000m\000p\000l\000e\000:\000\040\000F\000F\000T\000\040\000a\000n\000d\000\040\000I\000n\000v\000e\000r\000s\000e\000\040\000F\000F\000T\000\040\000C\000a\000l\000c\000u\000l\000a\000t\000i\000o\000n}{section.11}% 50
\BOOKMARK [3][-]{subsubsection.11.5.1}{\376\377\000G\000i\000v\000e\000n\000\040\000S\000i\000g\000n\000a\000l}{subsection.11.5}% 51
\BOOKMARK [3][-]{subsubsection.11.5.2}{\376\377\000F\000F\000T\000\040\000C\000o\000m\000p\000u\000t\000a\000t\000i\000o\000n\000\040\000\050\000S\000t\000e\000p\000-\000b\000y\000-\000S\000t\000e\000p\000\051}{subsection.11.5}% 52
\BOOKMARK [3][-]{subsubsection.11.5.3}{\376\377\000I\000n\000v\000e\000r\000s\000e\000\040\000F\000F\000T\000\040\000C\000o\000m\000p\000u\000t\000a\000t\000i\000o\000n}{subsection.11.5}% 53
